============================================
Job started at: Tue Dec  9 12:09:48 CST 2025
Running on node: qgpu2013
Job ID: 2828649
============================================
Python 3.10.19
Tue Dec  9 12:09:48 2025       
+-----------------------------------------------------------------------------------------+
| NVIDIA-SMI 570.86.15              Driver Version: 570.86.15      CUDA Version: 12.8     |
|-----------------------------------------+------------------------+----------------------+
| GPU  Name                 Persistence-M | Bus-Id          Disp.A | Volatile Uncorr. ECC |
| Fan  Temp   Perf          Pwr:Usage/Cap |           Memory-Usage | GPU-Util  Compute M. |
|                                         |                        |               MIG M. |
|=========================================+========================+======================|
|   0  NVIDIA A100-SXM4-80GB          On  |   00000000:E3:00.0 Off |                    0 |
| N/A   44C    P0             61W /  500W |       1MiB /  81920MiB |      0%      Default |
|                                         |                        |             Disabled |
+-----------------------------------------+------------------------+----------------------+
                                                                                         
+-----------------------------------------------------------------------------------------+
| Processes:                                                                              |
|  GPU   GI   CI              PID   Type   Process name                        GPU Memory |
|        ID   ID                                                               Usage      |
|=========================================================================================|
|  No running processes found                                                             |
+-----------------------------------------------------------------------------------------+
============================================
✅ Using modern MuJoCo environments (no compilation needed!)
Using CUDA ..
{'goal_threshold': 0.08, 'max_trajectory_length': 500, 'max_timesteps': 1000000.0, 'eval_freq': 10000, 'eval_episodes': 50}
Initializing IndependentDiscretePolicy ...
replay_size: 2000
Logging to experiments/metaworld_door_open/Dec-9-12-10-14
[36;1mSaving config:
[0m
{
    "goal_threshold":	0.08,
    "max_trajectory_length":	500,
    "max_timesteps":	1000000.0,
    "eval_freq":	10000,
    "eval_episodes":	50,
    "obs_dim":	36,
    "goal_dim":	3,
    "independent_policy":	true,
    "action_space.n":	81,
    "action_space.n_dims":	4,
    "action_space.granularity":	3,
    "env_name":	"metaworld_door_open",
    "seed":	0,
    "save_dir":	"experiments/",
    "ckpt_name":	"Dec-9-12-10-14",
    "resume_ckpt":	"",
    "n_workers":	1,
    "num_rollouts_per_mpi":	1,
    "n_cycles":	40,
    "optimize_every":	50,
    "n_batches":	50,
    "target_update_freq":	10,
    "greedy_action":	false,
    "random_act_prob":	0.0,
    "buffer_size":	1000000,
    "future_p":	0.85,
    "next_state_p":	0.0,
    "relabeled_reward_only":	false,
    "batch_size":	256,
    "lr_actor":	0.0005,
    "start_policy_timesteps":	1000,
    "n_initial_rollouts":	200,
    "n_test_rollouts":	50,
    "gamma":	0.98,
    "polyak":	0.995,
    "use_dqn":	true,
    "double_dqn":	true,
    "backup_strategy":	"q_max",
    "backup_temp":	1.0,
    "backup_epsilon":	0.1,
    "reward_scale":	1.0,
    "reward_bias":	-1.0,
    "targ_clip":	true,
    "hdm_gamma":	0.85,
    "hdm_weights_min":	-5.0,
    "hdm_weights_max":	5.0,
    "hdm_q_coef":	1.0,
    "hdm_q_normalizer":	false,
    "hdm_online_o2":	true,
    "hdm_backup_strategy":	"act_2",
    "hdm_bc":	true,
    "hdm_weights_to_indicator":	true,
    "hdm_gamma_use_auto":	false,
    "hdm_weights_relabel_mask":	false,
    "NUM_MPI":	1
}
Epoch 1 eval | final dist 0.732 | success rate 0.000 | best success 0.000
ckpt_name: Dec-9-12-10-14
Epoch 1: Iter (out of 40)= 0 1 2 3 4 5 6 7 8 9 10 11 12 13 14 15 16 17 18 19 20 21 22 23 24 25 26 27 28 29 30 31 32 33 34 35 36 37 38 39
----------------------------------------
| env_steps                 | 1.2e+05  |
| Epoch                     | 1        |
| exp_avg_reward            | 0.368    |
| exp_reward_avg            | 0.368    |
| hdm_gamma                 | 0.85     |
| hdm_gamma_auto            | 0.992    |
| hdm_gamma_zero_point      | 0.546    |
| hdm_q_o1                  | -5.2     |
| hdm_q_o2                  | -5.2     |
| hdm_q_to_minimize         | -2.4e-06 |
| hdm_weights               | 0        |
| Inner_Test_AgChangeRatio  | 1        |
| Inner_Train_AgChangeRatio | 1        |
| log_hdm_gamma             | -0.163   |
| Loss_hdm                  | 0        |
| Loss_her                  | 0.00038  |
| Loss_q                    | 0.00038  |
| offset                    | 125      |
| opt_steps                 | 2e+04    |
| q_bg                      | -5.2     |
| q_o2_a2                   | -4.28    |
| q_o2_eps_greedy           | -4.27    |
| q_o2_max                  | -4.27    |
| q_o2_soft                 | -4.28    |
| q_o2_soft_kl              | -4.28    |
| q_o2_targ                 | -4.28    |
| q_targ                    | -5.2     |
| replay_fill_ratio         | 0.12     |
| replay_size               | 240      |
| reward                    | -1       |
| TestAgChangeRatio         | 1        |
| TestBestSuccessRate       | 0        |
| TestFinalDist             | 0.732    |
| TestSuccessRate           | 0        |
| Time                      | 329      |
| TimePerSeqRollout         | 3.56     |
| TimePerTrainIter          | 0.00558  |
| TotalTimeSteps            | 1.2e+05  |
| TrainAgChangeRatio        | 1        |
| TrainSuccess              | 0        |
----------------------------------------
Epoch 2 eval | final dist 0.732 | success rate 0.000 | best success 0.000
ckpt_name: Dec-9-12-10-14
Epoch 2: Iter (out of 40)= 0 1 2 3 4 5 6 7 8 9 10 11 12 13 14 15 16 17 18 19 20 21 22 23 24 25 26 27 28 29 30 31 32 33 34 35 36 37 38 39
-----------------------------------------
| env_steps                 | 1.4e+05   |
| Epoch                     | 2         |
| exp_avg_reward            | 0.368     |
| exp_reward_avg            | 0.368     |
| hdm_gamma                 | 0.85      |
| hdm_gamma_auto            | 0.992     |
| hdm_gamma_zero_point      | 0.00124   |
| hdm_q_o1                  | -13       |
| hdm_q_o2                  | -13       |
| hdm_q_to_minimize         | -1.97e-06 |
| hdm_weights               | 0         |
| Inner_Test_AgChangeRatio  | 1         |
| Inner_Train_AgChangeRatio | 1         |
| log_hdm_gamma             | -0.163    |
| Loss_hdm                  | 0         |
| Loss_her                  | 0.00031   |
| Loss_q                    | 0.00031   |
| offset                    | 125       |
| opt_steps                 | 4e+04     |
| q_bg                      | -13       |
| q_o2_a2                   | -12.2     |
| q_o2_eps_greedy           | -12.2     |
| q_o2_max                  | -12.2     |
| q_o2_soft                 | -12.2     |
| q_o2_soft_kl              | -12.2     |
| q_o2_targ                 | -12.2     |
| q_targ                    | -13       |
| replay_fill_ratio         | 0.14      |
| replay_size               | 280       |
| reward                    | -1        |
| TestAgChangeRatio         | 1         |
| TestBestSuccessRate       | 0         |
| TestFinalDist             | 0.732     |
| TestSuccessRate           | 0         |
| Time                      | 499       |
| TimePerSeqRollout         | 3.49      |
| TimePerTrainIter          | 0.00547   |
| TotalTimeSteps            | 1.4e+05   |
| TrainAgChangeRatio        | 1         |
| TrainSuccess              | 0         |
-----------------------------------------
Epoch 3 eval | final dist 0.732 | success rate 0.000 | best success 0.000
ckpt_name: Dec-9-12-10-14
Epoch 3: Iter (out of 40)= 0 1 2 3 4 5 6 7 8 9 10 11 12 13 14 15 16 17 18 19 20 21 22 23 24 25 26 27 28 29 30 31 32 33 34 35 36 37 38 39
-----------------------------------------
| env_steps                 | 1.6e+05   |
| Epoch                     | 3         |
| exp_avg_reward            | 0.368     |
| exp_reward_avg            | 0.368     |
| hdm_gamma                 | 0.85      |
| hdm_gamma_auto            | 0.992     |
| hdm_gamma_zero_point      | 1.07e-06  |
| hdm_q_o1                  | -19.6     |
| hdm_q_o2                  | -19.6     |
| hdm_q_to_minimize         | -6.53e-06 |
| hdm_weights               | 0         |
| Inner_Test_AgChangeRatio  | 1         |
| Inner_Train_AgChangeRatio | 1         |
| log_hdm_gamma             | -0.163    |
| Loss_hdm                  | 0         |
| Loss_her                  | 0.000468  |
| Loss_q                    | 0.000468  |
| offset                    | 125       |
| opt_steps                 | 6e+04     |
| q_bg                      | -19.6     |
| q_o2_a2                   | -19       |
| q_o2_eps_greedy           | -19       |
| q_o2_max                  | -19       |
| q_o2_soft                 | -19       |
| q_o2_soft_kl              | -19       |
| q_o2_targ                 | -19       |
| q_targ                    | -19.6     |
| replay_fill_ratio         | 0.16      |
| replay_size               | 320       |
| reward                    | -1        |
| TestAgChangeRatio         | 1         |
| TestBestSuccessRate       | 0         |
| TestFinalDist             | 0.732     |
| TestSuccessRate           | 0         |
| Time                      | 671       |
| TimePerSeqRollout         | 3.53      |
| TimePerTrainIter          | 0.00553   |
| TotalTimeSteps            | 1.6e+05   |
| TrainAgChangeRatio        | 1         |
| TrainSuccess              | 0         |
-----------------------------------------
Epoch 4 eval | final dist 0.732 | success rate 0.000 | best success 0.000
ckpt_name: Dec-9-12-10-14
Epoch 4: Iter (out of 40)= 0 1 2 3 4 5 6 7 8 9 10 11 12 13 14 15 16 17 18 19 20 21 22 23 24 25 26 27 28 29 30 31 32 33 34 35 36 37 38 39
-----------------------------------------
| env_steps                 | 1.8e+05   |
| Epoch                     | 4         |
| exp_avg_reward            | 0.368     |
| exp_reward_avg            | 0.368     |
| hdm_gamma                 | 0.85      |
| hdm_gamma_auto            | 0.992     |
| hdm_gamma_zero_point      | 3.28e-09  |
| hdm_q_o1                  | -25       |
| hdm_q_o2                  | -25       |
| hdm_q_to_minimize         | -1.49e-05 |
| hdm_weights               | 0         |
| Inner_Test_AgChangeRatio  | 1         |
| Inner_Train_AgChangeRatio | 1         |
| log_hdm_gamma             | -0.163    |
| Loss_hdm                  | 0         |
| Loss_her                  | 0.000611  |
| Loss_q                    | 0.000611  |
| offset                    | 125       |
| opt_steps                 | 8e+04     |
| q_bg                      | -25       |
| q_o2_a2                   | -24.5     |
| q_o2_eps_greedy           | -24.5     |
| q_o2_max                  | -24.5     |
| q_o2_soft                 | -24.5     |
| q_o2_soft_kl              | -24.5     |
| q_o2_targ                 | -24.5     |
| q_targ                    | -25       |
| replay_fill_ratio         | 0.18      |
| replay_size               | 360       |
| reward                    | -1        |
| TestAgChangeRatio         | 1         |
| TestBestSuccessRate       | 0         |
| TestFinalDist             | 0.732     |
| TestSuccessRate           | 0         |
| Time                      | 844       |
| TimePerSeqRollout         | 3.54      |
| TimePerTrainIter          | 0.00555   |
| TotalTimeSteps            | 1.8e+05   |
| TrainAgChangeRatio        | 1         |
| TrainSuccess              | 0         |
-----------------------------------------
Epoch 5 eval | final dist 0.732 | success rate 0.000 | best success 0.000
ckpt_name: Dec-9-12-10-14
Epoch 5: Iter (out of 40)= 0 1 2 3 4 5 6 7 8 9 10 11 12 13 14 15 16 17 18 19 20 21 22 23 24 25 26 27 28 29 30 31 32 33 34 35 36 37 38 39
-----------------------------------------
| env_steps                 | 2e+05     |
| Epoch                     | 5         |
| exp_avg_reward            | 0.368     |
| exp_reward_avg            | 0.368     |
| hdm_gamma                 | 0.85      |
| hdm_gamma_auto            | 0.992     |
| hdm_gamma_zero_point      | 2.97e-11  |
| hdm_q_o1                  | -29.5     |
| hdm_q_o2                  | -29.5     |
| hdm_q_to_minimize         | -1.66e-05 |
| hdm_weights               | 0         |
| Inner_Test_AgChangeRatio  | 1         |
| Inner_Train_AgChangeRatio | 1         |
| log_hdm_gamma             | -0.163    |
| Loss_hdm                  | 0         |
| Loss_her                  | 0.000729  |
| Loss_q                    | 0.000729  |
| offset                    | 125       |
| opt_steps                 | 1e+05     |
| q_bg                      | -29.5     |
| q_o2_a2                   | -29       |
| q_o2_eps_greedy           | -29       |
| q_o2_max                  | -29       |
| q_o2_soft                 | -29       |
| q_o2_soft_kl              | -29       |
| q_o2_targ                 | -29       |
| q_targ                    | -29.5     |
| replay_fill_ratio         | 0.2       |
| replay_size               | 400       |
| reward                    | -1        |
| TestAgChangeRatio         | 1         |
| TestBestSuccessRate       | 0         |
| TestFinalDist             | 0.732     |
| TestSuccessRate           | 0         |
| Time                      | 1.02e+03  |
| TimePerSeqRollout         | 3.53      |
| TimePerTrainIter          | 0.00553   |
| TotalTimeSteps            | 2e+05     |
| TrainAgChangeRatio        | 1         |
| TrainSuccess              | 0         |
-----------------------------------------
Epoch 6 eval | final dist 0.732 | success rate 0.000 | best success 0.000
ckpt_name: Dec-9-12-10-14
Epoch 6: Iter (out of 40)= 0 1 2 3 4 5 6 7 8 9 10 11 12 13 14 15 16 17 18 19 20 21 22 23 24 25 26 27 28 29 30 31 32 33 34 35 36 37 38 39
-----------------------------------------
| env_steps                 | 2.2e+05   |
| Epoch                     | 6         |
| exp_avg_reward            | 0.368     |
| exp_reward_avg            | 0.368     |
| hdm_gamma                 | 0.85      |
| hdm_gamma_auto            | 0.992     |
| hdm_gamma_zero_point      | 6.5e-13   |
| hdm_q_o1                  | -33.1     |
| hdm_q_o2                  | -33.1     |
| hdm_q_to_minimize         | -2.52e-05 |
| hdm_weights               | 0         |
| Inner_Test_AgChangeRatio  | 1         |
| Inner_Train_AgChangeRatio | 1         |
| log_hdm_gamma             | -0.163    |
| Loss_hdm                  | 0         |
| Loss_her                  | 0.000821  |
| Loss_q                    | 0.000821  |
| offset                    | 125       |
| opt_steps                 | 1.2e+05   |
| q_bg                      | -33.1     |
| q_o2_a2                   | -32.7     |
| q_o2_eps_greedy           | -32.7     |
| q_o2_max                  | -32.7     |
| q_o2_soft                 | -32.7     |
| q_o2_soft_kl              | -32.7     |
| q_o2_targ                 | -32.7     |
| q_targ                    | -33.1     |
| replay_fill_ratio         | 0.22      |
| replay_size               | 440       |
| reward                    | -1        |
| TestAgChangeRatio         | 1         |
| TestBestSuccessRate       | 0         |
| TestFinalDist             | 0.732     |
| TestSuccessRate           | 0         |
| Time                      | 1.19e+03  |
| TimePerSeqRollout         | 3.48      |
| TimePerTrainIter          | 0.00545   |
| TotalTimeSteps            | 2.2e+05   |
| TrainAgChangeRatio        | 1         |
| TrainSuccess              | 0         |
-----------------------------------------
Epoch 7 eval | final dist 0.732 | success rate 0.000 | best success 0.000
ckpt_name: Dec-9-12-10-14
Epoch 7: Iter (out of 40)= 0 1 2 3 4 5 6 7 8 9 10 11 12 13 14 15 16 17 18 19 20 21 22 23 24 25 26 27 28 29 30 31 32 33 34 35 36 37 38 39
-----------------------------------------
| env_steps                 | 2.4e+05   |
| Epoch                     | 7         |
| exp_avg_reward            | 0.368     |
| exp_reward_avg            | 0.368     |
| hdm_gamma                 | 0.85      |
| hdm_gamma_auto            | 0.992     |
| hdm_gamma_zero_point      | 2.88e-14  |
| hdm_q_o1                  | -36.1     |
| hdm_q_o2                  | -36.1     |
| hdm_q_to_minimize         | -2.32e-05 |
| hdm_weights               | 0         |
| Inner_Test_AgChangeRatio  | 1         |
| Inner_Train_AgChangeRatio | 1         |
| log_hdm_gamma             | -0.163    |
| Loss_hdm                  | 0         |
| Loss_her                  | 0.000904  |
| Loss_q                    | 0.000904  |
| offset                    | 125       |
| opt_steps                 | 1.4e+05   |
| q_bg                      | -36.1     |
| q_o2_a2                   | -35.8     |
| q_o2_eps_greedy           | -35.8     |
| q_o2_max                  | -35.8     |
| q_o2_soft                 | -35.8     |
| q_o2_soft_kl              | -35.8     |
| q_o2_targ                 | -35.8     |
| q_targ                    | -36.1     |
| replay_fill_ratio         | 0.24      |
| replay_size               | 480       |
| reward                    | -1        |
| TestAgChangeRatio         | 1         |
| TestBestSuccessRate       | 0         |
| TestFinalDist             | 0.732     |
| TestSuccessRate           | 0         |
| Time                      | 1.35e+03  |
| TimePerSeqRollout         | 3.48      |
| TimePerTrainIter          | 0.00544   |
| TotalTimeSteps            | 2.4e+05   |
| TrainAgChangeRatio        | 1         |
| TrainSuccess              | 0         |
-----------------------------------------
Epoch 8 eval | final dist 0.732 | success rate 0.000 | best success 0.000
ckpt_name: Dec-9-12-10-14
Epoch 8: Iter (out of 40)= 0 1 2 3 4 5 6 7 8 9 10 11 12 13 14 15 16 17 18 19 20 21 22 23 24 25 26 27 28 29 30 31 32 33 34 35 36 37 38 39
-----------------------------------------
| env_steps                 | 2.6e+05   |
| Epoch                     | 8         |
| exp_avg_reward            | 0.368     |
| exp_reward_avg            | 0.368     |
| hdm_gamma                 | 0.85      |
| hdm_gamma_auto            | 0.992     |
| hdm_gamma_zero_point      | 2.2e-15   |
| hdm_q_o1                  | -38.6     |
| hdm_q_o2                  | -38.6     |
| hdm_q_to_minimize         | -3.37e-05 |
| hdm_weights               | 0         |
| Inner_Test_AgChangeRatio  | 1         |
| Inner_Train_AgChangeRatio | 1         |
| log_hdm_gamma             | -0.163    |
| Loss_hdm                  | 0         |
| Loss_her                  | 0.000963  |
| Loss_q                    | 0.000963  |
| offset                    | 125       |
| opt_steps                 | 1.6e+05   |
| q_bg                      | -38.6     |
| q_o2_a2                   | -38.3     |
| q_o2_eps_greedy           | -38.3     |
| q_o2_max                  | -38.3     |
| q_o2_soft                 | -38.3     |
| q_o2_soft_kl              | -38.3     |
| q_o2_targ                 | -38.3     |
| q_targ                    | -38.6     |
| replay_fill_ratio         | 0.26      |
| replay_size               | 520       |
| reward                    | -1        |
| TestAgChangeRatio         | 1         |
| TestBestSuccessRate       | 0         |
| TestFinalDist             | 0.732     |
| TestSuccessRate           | 0         |
| Time                      | 1.52e+03  |
| TimePerSeqRollout         | 3.47      |
| TimePerTrainIter          | 0.00544   |
| TotalTimeSteps            | 2.6e+05   |
| TrainAgChangeRatio        | 1         |
| TrainSuccess              | 0         |
-----------------------------------------
Epoch 9 eval | final dist 0.732 | success rate 0.000 | best success 0.000
ckpt_name: Dec-9-12-10-14
Epoch 9: Iter (out of 40)= 0 1 2 3 4 5 6 7 8 9 10 11 12 13 14 15 16 17 18 19 20 21 22 23 24 25 26 27 28 29 30 31 32 33 34 35 36 37 38 39
-----------------------------------------
| env_steps                 | 2.8e+05   |
| Epoch                     | 9         |
| exp_avg_reward            | 0.368     |
| exp_reward_avg            | 0.368     |
| hdm_gamma                 | 0.85      |
| hdm_gamma_auto            | 0.992     |
| hdm_gamma_zero_point      | 2.69e-16  |
| hdm_q_o1                  | -40.6     |
| hdm_q_o2                  | -40.6     |
| hdm_q_to_minimize         | -3.46e-05 |
| hdm_weights               | 0         |
| Inner_Test_AgChangeRatio  | 1         |
| Inner_Train_AgChangeRatio | 1         |
| log_hdm_gamma             | -0.163    |
| Loss_hdm                  | 0         |
| Loss_her                  | 0.00101   |
| Loss_q                    | 0.00101   |
| offset                    | 125       |
| opt_steps                 | 1.8e+05   |
| q_bg                      | -40.6     |
| q_o2_a2                   | -40.4     |
| q_o2_eps_greedy           | -40.4     |
| q_o2_max                  | -40.4     |
| q_o2_soft                 | -40.4     |
| q_o2_soft_kl              | -40.4     |
| q_o2_targ                 | -40.4     |
| q_targ                    | -40.6     |
| replay_fill_ratio         | 0.28      |
| replay_size               | 560       |
| reward                    | -1        |
| TestAgChangeRatio         | 1         |
| TestBestSuccessRate       | 0         |
| TestFinalDist             | 0.732     |
| TestSuccessRate           | 0         |
| Time                      | 1.69e+03  |
| TimePerSeqRollout         | 3.48      |
| TimePerTrainIter          | 0.00545   |
| TotalTimeSteps            | 2.8e+05   |
| TrainAgChangeRatio        | 1         |
| TrainSuccess              | 0         |
-----------------------------------------
Epoch 10 eval | final dist 0.732 | success rate 0.000 | best success 0.000
ckpt_name: Dec-9-12-10-14
Epoch 10: Iter (out of 40)= 0 1 2 3 4 5 6 7 8 9 10 11 12 13 14 15 16 17 18 19 20 21 22 23 24 25 26 27 28 29 30 31 32 33 34 35 36 37 38 39
----------------------------------------
| env_steps                 | 3e+05    |
| Epoch                     | 10       |
| exp_avg_reward            | 0.368    |
| exp_reward_avg            | 0.368    |
| hdm_gamma                 | 0.85     |
| hdm_gamma_auto            | 0.992    |
| hdm_gamma_zero_point      | 4.88e-17 |
| hdm_q_o1                  | -42.3    |
| hdm_q_o2                  | -42.3    |
| hdm_q_to_minimize         | -2.7e-05 |
| hdm_weights               | 0        |
| Inner_Test_AgChangeRatio  | 1        |
| Inner_Train_AgChangeRatio | 1        |
| log_hdm_gamma             | -0.163   |
| Loss_hdm                  | 0        |
| Loss_her                  | 0.00104  |
| Loss_q                    | 0.00104  |
| offset                    | 125      |
| opt_steps                 | 2e+05    |
| q_bg                      | -42.3    |
| q_o2_a2                   | -42.1    |
| q_o2_eps_greedy           | -42.1    |
| q_o2_max                  | -42.1    |
| q_o2_soft                 | -42.1    |
| q_o2_soft_kl              | -42.1    |
| q_o2_targ                 | -42.1    |
| q_targ                    | -42.3    |
| replay_fill_ratio         | 0.3      |
| replay_size               | 600      |
| reward                    | -1       |
| TestAgChangeRatio         | 1        |
| TestBestSuccessRate       | 0        |
| TestFinalDist             | 0.732    |
| TestSuccessRate           | 0        |
| Time                      | 1.86e+03 |
| TimePerSeqRollout         | 3.44     |
| TimePerTrainIter          | 0.00538  |
| TotalTimeSteps            | 3e+05    |
| TrainAgChangeRatio        | 1        |
| TrainSuccess              | 0        |
----------------------------------------
Epoch 11 eval | final dist 0.732 | success rate 0.000 | best success 0.000
ckpt_name: Dec-9-12-10-14
Epoch 11: Iter (out of 40)= 0 1 2 3 4 5 6 7 8 9 10 11 12 13 14 15 16 17 18 19 20 21 22 23 24 25 26 27 28 29 30 31 32 33 34 35 36 37 38 39
-----------------------------------------
| env_steps                 | 3.2e+05   |
| Epoch                     | 11        |
| exp_avg_reward            | 0.368     |
| exp_reward_avg            | 0.368     |
| hdm_gamma                 | 0.85      |
| hdm_gamma_auto            | 0.992     |
| hdm_gamma_zero_point      | 1.22e-17  |
| hdm_q_o1                  | -43.6     |
| hdm_q_o2                  | -43.6     |
| hdm_q_to_minimize         | -2.89e-05 |
| hdm_weights               | 0         |
| Inner_Test_AgChangeRatio  | 1         |
| Inner_Train_AgChangeRatio | 1         |
| log_hdm_gamma             | -0.163    |
| Loss_hdm                  | 0         |
| Loss_her                  | 0.00106   |
| Loss_q                    | 0.00106   |
| offset                    | 125       |
| opt_steps                 | 2.2e+05   |
| q_bg                      | -43.6     |
| q_o2_a2                   | -43.5     |
| q_o2_eps_greedy           | -43.5     |
| q_o2_max                  | -43.5     |
| q_o2_soft                 | -43.5     |
| q_o2_soft_kl              | -43.5     |
| q_o2_targ                 | -43.5     |
| q_targ                    | -43.6     |
| replay_fill_ratio         | 0.32      |
| replay_size               | 640       |
| reward                    | -1        |
| TestAgChangeRatio         | 1         |
| TestBestSuccessRate       | 0         |
| TestFinalDist             | 0.732     |
| TestSuccessRate           | 0         |
| Time                      | 2.02e+03  |
| TimePerSeqRollout         | 3.43      |
| TimePerTrainIter          | 0.00537   |
| TotalTimeSteps            | 3.2e+05   |
| TrainAgChangeRatio        | 1         |
| TrainSuccess              | 0         |
-----------------------------------------
Epoch 12 eval | final dist 0.732 | success rate 0.000 | best success 0.000
ckpt_name: Dec-9-12-10-14
Epoch 12: Iter (out of 40)= 0 1 2 3 4 5 6 7 8 9 10 11 12 13 14 15 16 17 18 19 20 21 22 23 24 25 26 27 28 29 30 31 32 33 34 35 36 37 38 39
-----------------------------------------
| env_steps                 | 3.4e+05   |
| Epoch                     | 12        |
| exp_avg_reward            | 0.368     |
| exp_reward_avg            | 0.368     |
| hdm_gamma                 | 0.85      |
| hdm_gamma_auto            | 0.992     |
| hdm_gamma_zero_point      | 3.93e-18  |
| hdm_q_o1                  | -44.7     |
| hdm_q_o2                  | -44.7     |
| hdm_q_to_minimize         | -2.98e-05 |
| hdm_weights               | 0         |
| Inner_Test_AgChangeRatio  | 1         |
| Inner_Train_AgChangeRatio | 1         |
| log_hdm_gamma             | -0.163    |
| Loss_hdm                  | 0         |
| Loss_her                  | 0.00107   |
| Loss_q                    | 0.00107   |
| offset                    | 125       |
| opt_steps                 | 2.4e+05   |
| q_bg                      | -44.7     |
| q_o2_a2                   | -44.6     |
| q_o2_eps_greedy           | -44.6     |
| q_o2_max                  | -44.6     |
| q_o2_soft                 | -44.6     |
| q_o2_soft_kl              | -44.6     |
| q_o2_targ                 | -44.6     |
| q_targ                    | -44.7     |
| replay_fill_ratio         | 0.34      |
| replay_size               | 680       |
| reward                    | -1        |
| TestAgChangeRatio         | 1         |
| TestBestSuccessRate       | 0         |
| TestFinalDist             | 0.732     |
| TestSuccessRate           | 0         |
| Time                      | 2.19e+03  |
| TimePerSeqRollout         | 3.43      |
| TimePerTrainIter          | 0.00538   |
| TotalTimeSteps            | 3.4e+05   |
| TrainAgChangeRatio        | 1         |
| TrainSuccess              | 0         |
-----------------------------------------
Epoch 13 eval | final dist 0.730 | success rate 0.000 | best success 0.000
ckpt_name: Dec-9-12-10-14
Epoch 13: Iter (out of 40)= 0 1 2 3 4 5 6 7 8 9 10 11 12 13 14 15 16 17 18 19 20 21 22 23 24 25 26 27 28 29 30 31 32 33 34 35 36 37 38 39
-----------------------------------------
| env_steps                 | 3.6e+05   |
| Epoch                     | 13        |
| exp_avg_reward            | 0.368     |
| exp_reward_avg            | 0.368     |
| hdm_gamma                 | 0.85      |
| hdm_gamma_auto            | 0.992     |
| hdm_gamma_zero_point      | 1.55e-18  |
| hdm_q_o1                  | -45.6     |
| hdm_q_o2                  | -45.6     |
| hdm_q_to_minimize         | -2.71e-05 |
| hdm_weights               | 0         |
| Inner_Test_AgChangeRatio  | 1         |
| Inner_Train_AgChangeRatio | 1         |
| log_hdm_gamma             | -0.163    |
| Loss_hdm                  | 0         |
| Loss_her                  | 0.00107   |
| Loss_q                    | 0.00107   |
| offset                    | 125       |
| opt_steps                 | 2.6e+05   |
| q_bg                      | -45.6     |
| q_o2_a2                   | -45.6     |
| q_o2_eps_greedy           | -45.6     |
| q_o2_max                  | -45.6     |
| q_o2_soft                 | -45.6     |
| q_o2_soft_kl              | -45.6     |
| q_o2_targ                 | -45.6     |
| q_targ                    | -45.6     |
| replay_fill_ratio         | 0.36      |
| replay_size               | 720       |
| reward                    | -1        |
| TestAgChangeRatio         | 1         |
| TestBestSuccessRate       | 0         |
| TestFinalDist             | 0.73      |
| TestSuccessRate           | 0         |
| Time                      | 2.35e+03  |
| TimePerSeqRollout         | 3.43      |
| TimePerTrainIter          | 0.00537   |
| TotalTimeSteps            | 3.6e+05   |
| TrainAgChangeRatio        | 1         |
| TrainSuccess              | 0         |
-----------------------------------------
Epoch 14 eval | final dist 0.732 | success rate 0.000 | best success 0.000
ckpt_name: Dec-9-12-10-14
Epoch 14: Iter (out of 40)= 0 1 2 3 4 5 6 7 8 9 10 11 12 13 14 15 16 17 18 19 20 21 22 23 24 25 26 27 28 29 30 31 32 33 34 35 36 37 38 39
-----------------------------------------
| env_steps                 | 3.8e+05   |
| Epoch                     | 14        |
| exp_avg_reward            | 0.368     |
| exp_reward_avg            | 0.368     |
| hdm_gamma                 | 0.85      |
| hdm_gamma_auto            | 0.992     |
| hdm_gamma_zero_point      | 7.2e-19   |
| hdm_q_o1                  | -46.4     |
| hdm_q_o2                  | -46.4     |
| hdm_q_to_minimize         | -3.14e-05 |
| hdm_weights               | 0         |
| Inner_Test_AgChangeRatio  | 1         |
| Inner_Train_AgChangeRatio | 1         |
| log_hdm_gamma             | -0.163    |
| Loss_hdm                  | 0         |
| Loss_her                  | 0.00107   |
| Loss_q                    | 0.00107   |
| offset                    | 125       |
| opt_steps                 | 2.8e+05   |
| q_bg                      | -46.4     |
| q_o2_a2                   | -46.3     |
| q_o2_eps_greedy           | -46.3     |
| q_o2_max                  | -46.3     |
| q_o2_soft                 | -46.3     |
| q_o2_soft_kl              | -46.3     |
| q_o2_targ                 | -46.3     |
| q_targ                    | -46.4     |
| replay_fill_ratio         | 0.38      |
| replay_size               | 760       |
| reward                    | -1        |
| TestAgChangeRatio         | 1         |
| TestBestSuccessRate       | 0         |
| TestFinalDist             | 0.732     |
| TestSuccessRate           | 0         |
| Time                      | 2.52e+03  |
| TimePerSeqRollout         | 3.43      |
| TimePerTrainIter          | 0.00537   |
| TotalTimeSteps            | 3.8e+05   |
| TrainAgChangeRatio        | 1         |
| TrainSuccess              | 0         |
-----------------------------------------
Epoch 15 eval | final dist 0.732 | success rate 0.000 | best success 0.000
ckpt_name: Dec-9-12-10-14
Epoch 15: Iter (out of 40)= 0 1 2 3 4 5 6 7 8 9 10 11 12 13 14 15 16 17 18 19 20 21 22 23 24 25 26 27 28 29 30 31 32 33 34 35 36 37 38 39
-----------------------------------------
| env_steps                 | 4e+05     |
| Epoch                     | 15        |
| exp_avg_reward            | 0.368     |
| exp_reward_avg            | 0.368     |
| hdm_gamma                 | 0.85      |
| hdm_gamma_auto            | 0.992     |
| hdm_gamma_zero_point      | 3.85e-19  |
| hdm_q_o1                  | -47       |
| hdm_q_o2                  | -47       |
| hdm_q_to_minimize         | -2.75e-05 |
| hdm_weights               | -1.56e-06 |
| Inner_Test_AgChangeRatio  | 1         |
| Inner_Train_AgChangeRatio | 1         |
| log_hdm_gamma             | -0.163    |
| Loss_hdm                  | 1.37e-07  |
| Loss_her                  | 0.00106   |
| Loss_q                    | 0.00106   |
| offset                    | 125       |
| opt_steps                 | 3e+05     |
| q_bg                      | -47       |
| q_o2_a2                   | -47       |
| q_o2_eps_greedy           | -47       |
| q_o2_max                  | -47       |
| q_o2_soft                 | -47       |
| q_o2_soft_kl              | -47       |
| q_o2_targ                 | -47       |
| q_targ                    | -47       |
| replay_fill_ratio         | 0.4       |
| replay_size               | 800       |
| reward                    | -1        |
| TestAgChangeRatio         | 1         |
| TestBestSuccessRate       | 0         |
| TestFinalDist             | 0.732     |
| TestSuccessRate           | 0         |
| Time                      | 2.69e+03  |
| TimePerSeqRollout         | 3.43      |
| TimePerTrainIter          | 0.00538   |
| TotalTimeSteps            | 4e+05     |
| TrainAgChangeRatio        | 1         |
| TrainSuccess              | 0         |
-----------------------------------------
Epoch 16 eval | final dist 0.732 | success rate 0.000 | best success 0.000
ckpt_name: Dec-9-12-10-14
Epoch 16: Iter (out of 40)= 0 1 2 3 4 5 6 7 8 9 10 11 12 13 14 15 16 17 18 19 20 21 22 23 24 25 26 27 28 29 30 31 32 33 34 35 36 37 38 39
-----------------------------------------
| env_steps                 | 4.2e+05   |
| Epoch                     | 16        |
| exp_avg_reward            | 0.368     |
| exp_reward_avg            | 0.368     |
| hdm_gamma                 | 0.85      |
| hdm_gamma_auto            | 0.992     |
| hdm_gamma_zero_point      | 2.31e-19  |
| hdm_q_o1                  | -47.5     |
| hdm_q_o2                  | -47.5     |
| hdm_q_to_minimize         | -2.84e-05 |
| hdm_weights               | 0         |
| Inner_Test_AgChangeRatio  | 1         |
| Inner_Train_AgChangeRatio | 1         |
| log_hdm_gamma             | -0.163    |
| Loss_hdm                  | 0         |
| Loss_her                  | 0.00104   |
| Loss_q                    | 0.00104   |
| offset                    | 125       |
| opt_steps                 | 3.2e+05   |
| q_bg                      | -47.5     |
| q_o2_a2                   | -47.5     |
| q_o2_eps_greedy           | -47.5     |
| q_o2_max                  | -47.5     |
| q_o2_soft                 | -47.5     |
| q_o2_soft_kl              | -47.5     |
| q_o2_targ                 | -47.5     |
| q_targ                    | -47.5     |
| replay_fill_ratio         | 0.42      |
| replay_size               | 840       |
| reward                    | -1        |
| TestAgChangeRatio         | 1         |
| TestBestSuccessRate       | 0         |
| TestFinalDist             | 0.732     |
| TestSuccessRate           | 0         |
| Time                      | 2.85e+03  |
| TimePerSeqRollout         | 3.43      |
| TimePerTrainIter          | 0.00537   |
| TotalTimeSteps            | 4.2e+05   |
| TrainAgChangeRatio        | 1         |
| TrainSuccess              | 0         |
-----------------------------------------
Epoch 17 eval | final dist 0.732 | success rate 0.000 | best success 0.000
ckpt_name: Dec-9-12-10-14
Epoch 17: Iter (out of 40)= 0 1 2 3 4 5 6 7 8 9 10 11 12 13 14 15 16 17 18 19 20 21 22 23 24 25 26 27 28 29 30 31 32 33 34 35 36 37 38 39
-----------------------------------------
| env_steps                 | 4.4e+05   |
| Epoch                     | 17        |
| exp_avg_reward            | 0.368     |
| exp_reward_avg            | 0.368     |
| hdm_gamma                 | 0.85      |
| hdm_gamma_auto            | 0.992     |
| hdm_gamma_zero_point      | 1.5e-19   |
| hdm_q_o1                  | -48       |
| hdm_q_o2                  | -48       |
| hdm_q_to_minimize         | -2.62e-05 |
| hdm_weights               | 0         |
| Inner_Test_AgChangeRatio  | 1         |
| Inner_Train_AgChangeRatio | 1         |
| log_hdm_gamma             | -0.163    |
| Loss_hdm                  | 0         |
| Loss_her                  | 0.00103   |
| Loss_q                    | 0.00103   |
| offset                    | 125       |
| opt_steps                 | 3.4e+05   |
| q_bg                      | -48       |
| q_o2_a2                   | -47.9     |
| q_o2_eps_greedy           | -47.9     |
| q_o2_max                  | -47.9     |
| q_o2_soft                 | -47.9     |
| q_o2_soft_kl              | -47.9     |
| q_o2_targ                 | -47.9     |
| q_targ                    | -48       |
| replay_fill_ratio         | 0.44      |
| replay_size               | 880       |
| reward                    | -1        |
| TestAgChangeRatio         | 1         |
| TestBestSuccessRate       | 0         |
| TestFinalDist             | 0.732     |
| TestSuccessRate           | 0         |
| Time                      | 3.02e+03  |
| TimePerSeqRollout         | 3.43      |
| TimePerTrainIter          | 0.00537   |
| TotalTimeSteps            | 4.4e+05   |
| TrainAgChangeRatio        | 1         |
| TrainSuccess              | 0         |
-----------------------------------------
Epoch 18 eval | final dist 0.732 | success rate 0.000 | best success 0.000
ckpt_name: Dec-9-12-10-14
Epoch 18: Iter (out of 40)= 0 1 2 3 4 5 6 7 8 9 10 11 12 13 14 15 16 17 18 19 20 21 22 23 24 25 26 27 28 29 30 31 32 33 34 35 36 37 38 39
-----------------------------------------
| env_steps                 | 4.6e+05   |
| Epoch                     | 18        |
| exp_avg_reward            | 0.368     |
| exp_reward_avg            | 0.368     |
| hdm_gamma                 | 0.85      |
| hdm_gamma_auto            | 0.992     |
| hdm_gamma_zero_point      | 1.07e-19  |
| hdm_q_o1                  | -48.3     |
| hdm_q_o2                  | -48.3     |
| hdm_q_to_minimize         | -2.66e-05 |
| hdm_weights               | 0         |
| Inner_Test_AgChangeRatio  | 1         |
| Inner_Train_AgChangeRatio | 1         |
| log_hdm_gamma             | -0.163    |
| Loss_hdm                  | 0         |
| Loss_her                  | 0.00101   |
| Loss_q                    | 0.00101   |
| offset                    | 125       |
| opt_steps                 | 3.6e+05   |
| q_bg                      | -48.3     |
| q_o2_a2                   | -48.3     |
| q_o2_eps_greedy           | -48.3     |
| q_o2_max                  | -48.3     |
| q_o2_soft                 | -48.3     |
| q_o2_soft_kl              | -48.3     |
| q_o2_targ                 | -48.3     |
| q_targ                    | -48.3     |
| replay_fill_ratio         | 0.46      |
| replay_size               | 920       |
| reward                    | -1        |
| TestAgChangeRatio         | 1         |
| TestBestSuccessRate       | 0         |
| TestFinalDist             | 0.732     |
| TestSuccessRate           | 0         |
| Time                      | 3.18e+03  |
| TimePerSeqRollout         | 3.43      |
| TimePerTrainIter          | 0.00537   |
| TotalTimeSteps            | 4.6e+05   |
| TrainAgChangeRatio        | 1         |
| TrainSuccess              | 0         |
-----------------------------------------
Epoch 19 eval | final dist 0.732 | success rate 0.000 | best success 0.000
ckpt_name: Dec-9-12-10-14
Epoch 19: Iter (out of 40)= 0 1 2 3 4 5 6 7 8 9 10 11 12 13 14 15 16 17 18 19 20 21 22 23 24 25 26 27 28 29 30 31 32 33 34 35 36 37 38 39
-----------------------------------------
| env_steps                 | 4.8e+05   |
| Epoch                     | 19        |
| exp_avg_reward            | 0.368     |
| exp_reward_avg            | 0.368     |
| hdm_gamma                 | 0.85      |
| hdm_gamma_auto            | 0.992     |
| hdm_gamma_zero_point      | 8.09e-20  |
| hdm_q_o1                  | -48.6     |
| hdm_q_o2                  | -48.6     |
| hdm_q_to_minimize         | -2.93e-05 |
| hdm_weights               | 0         |
| Inner_Test_AgChangeRatio  | 1         |
| Inner_Train_AgChangeRatio | 1         |
| log_hdm_gamma             | -0.163    |
| Loss_hdm                  | 0         |
| Loss_her                  | 0.000987  |
| Loss_q                    | 0.000987  |
| offset                    | 125       |
| opt_steps                 | 3.8e+05   |
| q_bg                      | -48.6     |
| q_o2_a2                   | -48.5     |
| q_o2_eps_greedy           | -48.5     |
| q_o2_max                  | -48.5     |
| q_o2_soft                 | -48.5     |
| q_o2_soft_kl              | -48.5     |
| q_o2_targ                 | -48.5     |
| q_targ                    | -48.6     |
| replay_fill_ratio         | 0.48      |
| replay_size               | 960       |
| reward                    | -1        |
| TestAgChangeRatio         | 1         |
| TestBestSuccessRate       | 0         |
| TestFinalDist             | 0.732     |
| TestSuccessRate           | 0         |
| Time                      | 3.35e+03  |
| TimePerSeqRollout         | 3.43      |
| TimePerTrainIter          | 0.00538   |
| TotalTimeSteps            | 4.8e+05   |
| TrainAgChangeRatio        | 1         |
| TrainSuccess              | 0         |
-----------------------------------------
Epoch 20 eval | final dist 0.761 | success rate 0.000 | best success 0.000
ckpt_name: Dec-9-12-10-14
Epoch 20: Iter (out of 40)= 0 1 2 3 4 5 6 7 8 9 10 11 12 13 14 15 16 17 18 19 20 21 22 23 24 25 26 27 28 29 30 31 32 33 34 35 36 37 38 39
-----------------------------------------
| env_steps                 | 5e+05     |
| Epoch                     | 20        |
| exp_avg_reward            | 0.368     |
| exp_reward_avg            | 0.368     |
| hdm_gamma                 | 0.85      |
| hdm_gamma_auto            | 0.992     |
| hdm_gamma_zero_point      | 6.38e-20  |
| hdm_q_o1                  | -48.8     |
| hdm_q_o2                  | -48.8     |
| hdm_q_to_minimize         | -2.38e-05 |
| hdm_weights               | 0         |
| Inner_Test_AgChangeRatio  | 1         |
| Inner_Train_AgChangeRatio | 1         |
| log_hdm_gamma             | -0.163    |
| Loss_hdm                  | 0         |
| Loss_her                  | 0.000989  |
| Loss_q                    | 0.000989  |
| offset                    | 125       |
| opt_steps                 | 4e+05     |
| q_bg                      | -48.8     |
| q_o2_a2                   | -48.8     |
| q_o2_eps_greedy           | -48.8     |
| q_o2_max                  | -48.8     |
| q_o2_soft                 | -48.8     |
| q_o2_soft_kl              | -48.8     |
| q_o2_targ                 | -48.8     |
| q_targ                    | -48.8     |
| replay_fill_ratio         | 0.5       |
| replay_size               | 1e+03     |
| reward                    | -1        |
| TestAgChangeRatio         | 1         |
| TestBestSuccessRate       | 0         |
| TestFinalDist             | 0.761     |
| TestSuccessRate           | 0         |
| Time                      | 3.52e+03  |
| TimePerSeqRollout         | 3.43      |
| TimePerTrainIter          | 0.00538   |
| TotalTimeSteps            | 5e+05     |
| TrainAgChangeRatio        | 1         |
| TrainSuccess              | 0         |
-----------------------------------------
Epoch 21 eval | final dist 0.732 | success rate 0.000 | best success 0.000
ckpt_name: Dec-9-12-10-14
Epoch 21: Iter (out of 40)= 0 1 2 3 4 5 6 7 8 9 10 11 12 13 14 15 16 17 18 19 20 21 22 23 24 25 26 27 28 29 30 31 32 33 34 35 36 37 38 39
-----------------------------------------
| env_steps                 | 5.2e+05   |
| Epoch                     | 21        |
| exp_avg_reward            | 0.368     |
| exp_reward_avg            | 0.368     |
| hdm_gamma                 | 0.85      |
| hdm_gamma_auto            | 0.992     |
| hdm_gamma_zero_point      | 5.3e-20   |
| hdm_q_o1                  | -49       |
| hdm_q_o2                  | -49       |
| hdm_q_to_minimize         | -2.75e-05 |
| hdm_weights               | 0         |
| Inner_Test_AgChangeRatio  | 1         |
| Inner_Train_AgChangeRatio | 1         |
| log_hdm_gamma             | -0.163    |
| Loss_hdm                  | 0         |
| Loss_her                  | 0.000944  |
| Loss_q                    | 0.000944  |
| offset                    | 125       |
| opt_steps                 | 4.2e+05   |
| q_bg                      | -49       |
| q_o2_a2                   | -49       |
| q_o2_eps_greedy           | -49       |
| q_o2_max                  | -49       |
| q_o2_soft                 | -49       |
| q_o2_soft_kl              | -49       |
| q_o2_targ                 | -49       |
| q_targ                    | -49       |
| replay_fill_ratio         | 0.52      |
| replay_size               | 1.04e+03  |
| reward                    | -1        |
| TestAgChangeRatio         | 1         |
| TestBestSuccessRate       | 0         |
| TestFinalDist             | 0.732     |
| TestSuccessRate           | 0         |
| Time                      | 3.69e+03  |
| TimePerSeqRollout         | 3.44      |
| TimePerTrainIter          | 0.00538   |
| TotalTimeSteps            | 5.2e+05   |
| TrainAgChangeRatio        | 1         |
| TrainSuccess              | 0         |
-----------------------------------------
Epoch 22 eval | final dist 0.732 | success rate 0.000 | best success 0.000
ckpt_name: Dec-9-12-10-14
Epoch 22: Iter (out of 40)= 0 1 2 3 4 5 6 7 8 9 10 11 12 13 14 15 16 17 18 19 20 21 22 23 24 25 26 27 28 29 30 31 32 33 34 35 36 37 38 39
-----------------------------------------
| env_steps                 | 5.4e+05   |
| Epoch                     | 22        |
| exp_avg_reward            | 0.368     |
| exp_reward_avg            | 0.368     |
| hdm_gamma                 | 0.85      |
| hdm_gamma_auto            | 0.992     |
| hdm_gamma_zero_point      | 4.53e-20  |
| hdm_q_o1                  | -49.1     |
| hdm_q_o2                  | -49.1     |
| hdm_q_to_minimize         | -2.19e-05 |
| hdm_weights               | 0         |
| Inner_Test_AgChangeRatio  | 1         |
| Inner_Train_AgChangeRatio | 1         |
| log_hdm_gamma             | -0.163    |
| Loss_hdm                  | 0         |
| Loss_her                  | 0.000919  |
| Loss_q                    | 0.000919  |
| offset                    | 125       |
| opt_steps                 | 4.4e+05   |
| q_bg                      | -49.1     |
| q_o2_a2                   | -49.1     |
| q_o2_eps_greedy           | -49.1     |
| q_o2_max                  | -49.1     |
| q_o2_soft                 | -49.1     |
| q_o2_soft_kl              | -49.1     |
| q_o2_targ                 | -49.1     |
| q_targ                    | -49.1     |
| replay_fill_ratio         | 0.54      |
| replay_size               | 1.08e+03  |
| reward                    | -1        |
| TestAgChangeRatio         | 1         |
| TestBestSuccessRate       | 0         |
| TestFinalDist             | 0.732     |
| TestSuccessRate           | 0         |
| Time                      | 3.86e+03  |
| TimePerSeqRollout         | 3.44      |
| TimePerTrainIter          | 0.00539   |
| TotalTimeSteps            | 5.4e+05   |
| TrainAgChangeRatio        | 1         |
| TrainSuccess              | 0         |
-----------------------------------------
Epoch 23 eval | final dist 0.732 | success rate 0.000 | best success 0.000
ckpt_name: Dec-9-12-10-14
Epoch 23: Iter (out of 40)= 0 1 2 3 4 5 6 7 8 9 10 11 12 13 14 15 16 17 18 19 20 21 22 23 24 25 26 27 28 29 30 31 32 33 34 35 36 37 38 39
-----------------------------------------
| env_steps                 | 5.6e+05   |
| Epoch                     | 23        |
| exp_avg_reward            | 0.368     |
| exp_reward_avg            | 0.368     |
| hdm_gamma                 | 0.85      |
| hdm_gamma_auto            | 0.992     |
| hdm_gamma_zero_point      | 3.97e-20  |
| hdm_q_o1                  | -49.3     |
| hdm_q_o2                  | -49.3     |
| hdm_q_to_minimize         | -2.48e-05 |
| hdm_weights               | 0         |
| Inner_Test_AgChangeRatio  | 1         |
| Inner_Train_AgChangeRatio | 1         |
| log_hdm_gamma             | -0.163    |
| Loss_hdm                  | 0         |
| Loss_her                  | 0.000904  |
| Loss_q                    | 0.000904  |
| offset                    | 125       |
| opt_steps                 | 4.6e+05   |
| q_bg                      | -49.3     |
| q_o2_a2                   | -49.3     |
| q_o2_eps_greedy           | -49.3     |
| q_o2_max                  | -49.3     |
| q_o2_soft                 | -49.3     |
| q_o2_soft_kl              | -49.3     |
| q_o2_targ                 | -49.3     |
| q_targ                    | -49.3     |
| replay_fill_ratio         | 0.56      |
| replay_size               | 1.12e+03  |
| reward                    | -1        |
| TestAgChangeRatio         | 1         |
| TestBestSuccessRate       | 0         |
| TestFinalDist             | 0.732     |
| TestSuccessRate           | 0         |
| Time                      | 4.02e+03  |
| TimePerSeqRollout         | 3.43      |
| TimePerTrainIter          | 0.00539   |
| TotalTimeSteps            | 5.6e+05   |
| TrainAgChangeRatio        | 1         |
| TrainSuccess              | 0         |
-----------------------------------------
Epoch 24 eval | final dist 0.732 | success rate 0.000 | best success 0.000
ckpt_name: Dec-9-12-10-14
Epoch 24: Iter (out of 40)= 0 1 2 3 4 5 6 7 8 9 10 11 12 13 14 15 16 17 18 19 20 21 22 23 24 25 26 27 28 29 30 31 32 33 34 35 36 37 38 39
-----------------------------------------
| env_steps                 | 5.8e+05   |
| Epoch                     | 24        |
| exp_avg_reward            | 0.368     |
| exp_reward_avg            | 0.368     |
| hdm_gamma                 | 0.85      |
| hdm_gamma_auto            | 0.992     |
| hdm_gamma_zero_point      | 3.56e-20  |
| hdm_q_o1                  | -49.4     |
| hdm_q_o2                  | -49.4     |
| hdm_q_to_minimize         | -2.24e-05 |
| hdm_weights               | 0         |
| Inner_Test_AgChangeRatio  | 1         |
| Inner_Train_AgChangeRatio | 1         |
| log_hdm_gamma             | -0.163    |
| Loss_hdm                  | 0         |
| Loss_her                  | 0.000884  |
| Loss_q                    | 0.000884  |
| offset                    | 125       |
| opt_steps                 | 4.8e+05   |
| q_bg                      | -49.4     |
| q_o2_a2                   | -49.4     |
| q_o2_eps_greedy           | -49.4     |
| q_o2_max                  | -49.4     |
| q_o2_soft                 | -49.4     |
| q_o2_soft_kl              | -49.4     |
| q_o2_targ                 | -49.4     |
| q_targ                    | -49.4     |
| replay_fill_ratio         | 0.58      |
| replay_size               | 1.16e+03  |
| reward                    | -1        |
| TestAgChangeRatio         | 1         |
| TestBestSuccessRate       | 0         |
| TestFinalDist             | 0.732     |
| TestSuccessRate           | 0         |
| Time                      | 4.19e+03  |
| TimePerSeqRollout         | 3.44      |
| TimePerTrainIter          | 0.00538   |
| TotalTimeSteps            | 5.8e+05   |
| TrainAgChangeRatio        | 1         |
| TrainSuccess              | 0         |
-----------------------------------------
Epoch 25 eval | final dist 0.732 | success rate 0.000 | best success 0.000
ckpt_name: Dec-9-12-10-14
Epoch 25: Iter (out of 40)= 0 1 2 3 4 5 6 7 8 9 10 11 12 13 14 15 16 17 18 19 20 21 22 23 24 25 26 27 28 29 30 31 32 33 34 35 36 37 38 39
-----------------------------------------
| env_steps                 | 6e+05     |
| Epoch                     | 25        |
| exp_avg_reward            | 0.368     |
| exp_reward_avg            | 0.368     |
| hdm_gamma                 | 0.85      |
| hdm_gamma_auto            | 0.992     |
| hdm_gamma_zero_point      | 3.25e-20  |
| hdm_q_o1                  | -49.5     |
| hdm_q_o2                  | -49.5     |
| hdm_q_to_minimize         | -2.45e-05 |
| hdm_weights               | 0         |
| Inner_Test_AgChangeRatio  | 1         |
| Inner_Train_AgChangeRatio | 1         |
| log_hdm_gamma             | -0.163    |
| Loss_hdm                  | 0         |
| Loss_her                  | 0.000868  |
| Loss_q                    | 0.000868  |
| offset                    | 125       |
| opt_steps                 | 5e+05     |
| q_bg                      | -49.5     |
| q_o2_a2                   | -49.5     |
| q_o2_eps_greedy           | -49.5     |
| q_o2_max                  | -49.5     |
| q_o2_soft                 | -49.5     |
| q_o2_soft_kl              | -49.5     |
| q_o2_targ                 | -49.5     |
| q_targ                    | -49.5     |
| replay_fill_ratio         | 0.6       |
| replay_size               | 1.2e+03   |
| reward                    | -1        |
| TestAgChangeRatio         | 1         |
| TestBestSuccessRate       | 0         |
| TestFinalDist             | 0.732     |
| TestSuccessRate           | 0         |
| Time                      | 4.36e+03  |
| TimePerSeqRollout         | 3.44      |
| TimePerTrainIter          | 0.00539   |
| TotalTimeSteps            | 6e+05     |
| TrainAgChangeRatio        | 1         |
| TrainSuccess              | 0         |
-----------------------------------------
Epoch 26 eval | final dist 0.731 | success rate 0.000 | best success 0.000
ckpt_name: Dec-9-12-10-14
Epoch 26: Iter (out of 40)= 0 1 2 3 4 5 6 7 8 9 10 11 12 13 14 15 16 17 18 19 20 21 22 23 24 25 26 27 28 29 30 31 32 33 34 35 36 37 38 39
-----------------------------------------
| env_steps                 | 6.2e+05   |
| Epoch                     | 26        |
| exp_avg_reward            | 0.368     |
| exp_reward_avg            | 0.368     |
| hdm_gamma                 | 0.85      |
| hdm_gamma_auto            | 0.992     |
| hdm_gamma_zero_point      | 3.03e-20  |
| hdm_q_o1                  | -49.6     |
| hdm_q_o2                  | -49.6     |
| hdm_q_to_minimize         | -2.44e-05 |
| hdm_weights               | 0         |
| Inner_Test_AgChangeRatio  | 1         |
| Inner_Train_AgChangeRatio | 1         |
| log_hdm_gamma             | -0.163    |
| Loss_hdm                  | 0         |
| Loss_her                  | 0.000846  |
| Loss_q                    | 0.000846  |
| offset                    | 125       |
| opt_steps                 | 5.2e+05   |
| q_bg                      | -49.6     |
| q_o2_a2                   | -49.5     |
| q_o2_eps_greedy           | -49.5     |
| q_o2_max                  | -49.5     |
| q_o2_soft                 | -49.5     |
| q_o2_soft_kl              | -49.5     |
| q_o2_targ                 | -49.5     |
| q_targ                    | -49.6     |
| replay_fill_ratio         | 0.62      |
| replay_size               | 1.24e+03  |
| reward                    | -1        |
| TestAgChangeRatio         | 1         |
| TestBestSuccessRate       | 0         |
| TestFinalDist             | 0.731     |
| TestSuccessRate           | 0         |
| Time                      | 4.52e+03  |
| TimePerSeqRollout         | 3.44      |
| TimePerTrainIter          | 0.00539   |
| TotalTimeSteps            | 6.2e+05   |
| TrainAgChangeRatio        | 1         |
| TrainSuccess              | 0         |
-----------------------------------------
Epoch 27 eval | final dist 0.732 | success rate 0.000 | best success 0.000
ckpt_name: Dec-9-12-10-14
Epoch 27: Iter (out of 40)= 0 1 2 3 4 5 6 7 8 9 10 11 12 13 14 15 16 17 18 19 20 21 22 23 24 25 26 27 28 29 30 31 32 33 34 35 36 37 38 39
-----------------------------------------
| env_steps                 | 6.4e+05   |
| Epoch                     | 27        |
| exp_avg_reward            | 0.368     |
| exp_reward_avg            | 0.368     |
| hdm_gamma                 | 0.85      |
| hdm_gamma_auto            | 0.992     |
| hdm_gamma_zero_point      | 2.83e-20  |
| hdm_q_o1                  | -49.6     |
| hdm_q_o2                  | -49.6     |
| hdm_q_to_minimize         | -1.93e-05 |
| hdm_weights               | 0         |
| Inner_Test_AgChangeRatio  | 1         |
| Inner_Train_AgChangeRatio | 1         |
| log_hdm_gamma             | -0.163    |
| Loss_hdm                  | 0         |
| Loss_her                  | 0.000828  |
| Loss_q                    | 0.000828  |
| offset                    | 125       |
| opt_steps                 | 5.4e+05   |
| q_bg                      | -49.6     |
| q_o2_a2                   | -49.6     |
| q_o2_eps_greedy           | -49.6     |
| q_o2_max                  | -49.6     |
| q_o2_soft                 | -49.6     |
| q_o2_soft_kl              | -49.6     |
| q_o2_targ                 | -49.6     |
| q_targ                    | -49.6     |
| replay_fill_ratio         | 0.64      |
| replay_size               | 1.28e+03  |
| reward                    | -1        |
| TestAgChangeRatio         | 1         |
| TestBestSuccessRate       | 0         |
| TestFinalDist             | 0.732     |
| TestSuccessRate           | 0         |
| Time                      | 4.69e+03  |
| TimePerSeqRollout         | 3.44      |
| TimePerTrainIter          | 0.00539   |
| TotalTimeSteps            | 6.4e+05   |
| TrainAgChangeRatio        | 1         |
| TrainSuccess              | 0         |
-----------------------------------------
Epoch 28 eval | final dist 0.732 | success rate 0.000 | best success 0.000
ckpt_name: Dec-9-12-10-14
Epoch 28: Iter (out of 40)= 0 1 2 3 4 5 6 7 8 9 10 11 12 13 14 15 16 17 18 19 20 21 22 23 24 25 26 27 28 29 30 31 32 33 34 35 36 37 38 39
-----------------------------------------
| env_steps                 | 6.6e+05   |
| Epoch                     | 28        |
| exp_avg_reward            | 0.368     |
| exp_reward_avg            | 0.368     |
| hdm_gamma                 | 0.85      |
| hdm_gamma_auto            | 0.992     |
| hdm_gamma_zero_point      | 2.65e-20  |
| hdm_q_o1                  | -49.7     |
| hdm_q_o2                  | -49.7     |
| hdm_q_to_minimize         | -2.06e-05 |
| hdm_weights               | 0         |
| Inner_Test_AgChangeRatio  | 1         |
| Inner_Train_AgChangeRatio | 1         |
| log_hdm_gamma             | -0.163    |
| Loss_hdm                  | 0         |
| Loss_her                  | 0.000814  |
| Loss_q                    | 0.000814  |
| offset                    | 125       |
| opt_steps                 | 5.6e+05   |
| q_bg                      | -49.7     |
| q_o2_a2                   | -49.7     |
| q_o2_eps_greedy           | -49.7     |
| q_o2_max                  | -49.7     |
| q_o2_soft                 | -49.7     |
| q_o2_soft_kl              | -49.7     |
| q_o2_targ                 | -49.7     |
| q_targ                    | -49.7     |
| replay_fill_ratio         | 0.66      |
| replay_size               | 1.32e+03  |
| reward                    | -1        |
| TestAgChangeRatio         | 1         |
| TestBestSuccessRate       | 0         |
| TestFinalDist             | 0.732     |
| TestSuccessRate           | 0         |
| Time                      | 4.85e+03  |
| TimePerSeqRollout         | 3.44      |
| TimePerTrainIter          | 0.00539   |
| TotalTimeSteps            | 6.6e+05   |
| TrainAgChangeRatio        | 1         |
| TrainSuccess              | 0         |
-----------------------------------------
Epoch 29 eval | final dist 0.732 | success rate 0.000 | best success 0.000
ckpt_name: Dec-9-12-10-14
Epoch 29: Iter (out of 40)= 0 1 2 3 4 5 6 7 8 9 10 11 12 13 14 15 16 17 18 19 20 21 22 23 24 25 26 27 28 29 30 31 32 33 34 35 36 37 38 39
-----------------------------------------
| env_steps                 | 6.8e+05   |
| Epoch                     | 29        |
| exp_avg_reward            | 0.368     |
| exp_reward_avg            | 0.368     |
| hdm_gamma                 | 0.85      |
| hdm_gamma_auto            | 0.992     |
| hdm_gamma_zero_point      | 2.54e-20  |
| hdm_q_o1                  | -49.7     |
| hdm_q_o2                  | -49.7     |
| hdm_q_to_minimize         | -2.37e-05 |
| hdm_weights               | 0         |
| Inner_Test_AgChangeRatio  | 1         |
| Inner_Train_AgChangeRatio | 1         |
| log_hdm_gamma             | -0.163    |
| Loss_hdm                  | 0         |
| Loss_her                  | 0.000804  |
| Loss_q                    | 0.000804  |
| offset                    | 125       |
| opt_steps                 | 5.8e+05   |
| q_bg                      | -49.7     |
| q_o2_a2                   | -49.7     |
| q_o2_eps_greedy           | -49.7     |
| q_o2_max                  | -49.7     |
| q_o2_soft                 | -49.7     |
| q_o2_soft_kl              | -49.7     |
| q_o2_targ                 | -49.7     |
| q_targ                    | -49.7     |
| replay_fill_ratio         | 0.68      |
| replay_size               | 1.36e+03  |
| reward                    | -1        |
| TestAgChangeRatio         | 1         |
| TestBestSuccessRate       | 0         |
| TestFinalDist             | 0.732     |
| TestSuccessRate           | 0         |
| Time                      | 5.02e+03  |
| TimePerSeqRollout         | 3.46      |
| TimePerTrainIter          | 0.00543   |
| TotalTimeSteps            | 6.8e+05   |
| TrainAgChangeRatio        | 1         |
| TrainSuccess              | 0         |
-----------------------------------------
Epoch 30 eval | final dist 0.732 | success rate 0.000 | best success 0.000
ckpt_name: Dec-9-12-10-14
Epoch 30: Iter (out of 40)= 0 1 2 3 4 5 6 7 8 9 10 11 12 13 14 15 16 17 18 19 20 21 22 23 24 25 26 27 28 29 30 31 32 33 34 35 36 37 38 39
-----------------------------------------
| env_steps                 | 7e+05     |
| Epoch                     | 30        |
| exp_avg_reward            | 0.368     |
| exp_reward_avg            | 0.368     |
| hdm_gamma                 | 0.85      |
| hdm_gamma_auto            | 0.992     |
| hdm_gamma_zero_point      | 2.44e-20  |
| hdm_q_o1                  | -49.8     |
| hdm_q_o2                  | -49.8     |
| hdm_q_to_minimize         | -2.26e-05 |
| hdm_weights               | 0         |
| Inner_Test_AgChangeRatio  | 1         |
| Inner_Train_AgChangeRatio | 1         |
| log_hdm_gamma             | -0.163    |
| Loss_hdm                  | 0         |
| Loss_her                  | 0.000793  |
| Loss_q                    | 0.000793  |
| offset                    | 125       |
| opt_steps                 | 6e+05     |
| q_bg                      | -49.8     |
| q_o2_a2                   | -49.8     |
| q_o2_eps_greedy           | -49.8     |
| q_o2_max                  | -49.8     |
| q_o2_soft                 | -49.8     |
| q_o2_soft_kl              | -49.8     |
| q_o2_targ                 | -49.8     |
| q_targ                    | -49.8     |
| replay_fill_ratio         | 0.7       |
| replay_size               | 1.4e+03   |
| reward                    | -1        |
| TestAgChangeRatio         | 1         |
| TestBestSuccessRate       | 0         |
| TestFinalDist             | 0.732     |
| TestSuccessRate           | 0         |
| Time                      | 5.19e+03  |
| TimePerSeqRollout         | 3.48      |
| TimePerTrainIter          | 0.00545   |
| TotalTimeSteps            | 7e+05     |
| TrainAgChangeRatio        | 1         |
| TrainSuccess              | 0         |
-----------------------------------------
Epoch 31 eval | final dist 0.732 | success rate 0.000 | best success 0.000
ckpt_name: Dec-9-12-10-14
Epoch 31: Iter (out of 40)= 0 1 2 3 4 5 6 7 8 9 10 11 12 13 14 15 16 17 18 19 20 21 22 23 24 25 26 27 28 29 30 31 32 33 34 35 36 37 38 39
-----------------------------------------
| env_steps                 | 7.2e+05   |
| Epoch                     | 31        |
| exp_avg_reward            | 0.368     |
| exp_reward_avg            | 0.368     |
| hdm_gamma                 | 0.85      |
| hdm_gamma_auto            | 0.992     |
| hdm_gamma_zero_point      | 2.38e-20  |
| hdm_q_o1                  | -49.8     |
| hdm_q_o2                  | -49.8     |
| hdm_q_to_minimize         | -2.59e-05 |
| hdm_weights               | -7.81e-07 |
| Inner_Test_AgChangeRatio  | 1         |
| Inner_Train_AgChangeRatio | 1         |
| log_hdm_gamma             | -0.163    |
| Loss_hdm                  | -1.24e-10 |
| Loss_her                  | 0.000772  |
| Loss_q                    | 0.000772  |
| offset                    | 125       |
| opt_steps                 | 6.2e+05   |
| q_bg                      | -49.8     |
| q_o2_a2                   | -49.8     |
| q_o2_eps_greedy           | -49.8     |
| q_o2_max                  | -49.8     |
| q_o2_soft                 | -49.8     |
| q_o2_soft_kl              | -49.8     |
| q_o2_targ                 | -49.8     |
| q_targ                    | -49.8     |
| replay_fill_ratio         | 0.72      |
| replay_size               | 1.44e+03  |
| reward                    | -1        |
| TestAgChangeRatio         | 1         |
| TestBestSuccessRate       | 0         |
| TestFinalDist             | 0.732     |
| TestSuccessRate           | 0         |
| Time                      | 5.36e+03  |
| TimePerSeqRollout         | 3.47      |
| TimePerTrainIter          | 0.00545   |
| TotalTimeSteps            | 7.2e+05   |
| TrainAgChangeRatio        | 1         |
| TrainSuccess              | 0         |
-----------------------------------------
Epoch 32 eval | final dist 0.732 | success rate 0.000 | best success 0.000
ckpt_name: Dec-9-12-10-14
Epoch 32: Iter (out of 40)= 0 1 2 3 4 5 6 7 8 9 10 11 12 13 14 15 16 17 18 19 20 21 22 23 24 25 26 27 28 29 30 31 32 33 34 35 36 37 38 39
-----------------------------------------
| env_steps                 | 7.4e+05   |
| Epoch                     | 32        |
| exp_avg_reward            | 0.368     |
| exp_reward_avg            | 0.368     |
| hdm_gamma                 | 0.85      |
| hdm_gamma_auto            | 0.992     |
| hdm_gamma_zero_point      | 2.3e-20   |
| hdm_q_o1                  | -49.8     |
| hdm_q_o2                  | -49.8     |
| hdm_q_to_minimize         | -2.43e-05 |
| hdm_weights               | -1.95e-07 |
| Inner_Test_AgChangeRatio  | 1         |
| Inner_Train_AgChangeRatio | 1         |
| log_hdm_gamma             | -0.163    |
| Loss_hdm                  | -5.22e-11 |
| Loss_her                  | 0.000757  |
| Loss_q                    | 0.000757  |
| offset                    | 125       |
| opt_steps                 | 6.4e+05   |
| q_bg                      | -49.8     |
| q_o2_a2                   | -49.8     |
| q_o2_eps_greedy           | -49.8     |
| q_o2_max                  | -49.8     |
| q_o2_soft                 | -49.8     |
| q_o2_soft_kl              | -49.8     |
| q_o2_targ                 | -49.8     |
| q_targ                    | -49.8     |
| replay_fill_ratio         | 0.74      |
| replay_size               | 1.48e+03  |
| reward                    | -1        |
| TestAgChangeRatio         | 1         |
| TestBestSuccessRate       | 0         |
| TestFinalDist             | 0.732     |
| TestSuccessRate           | 0         |
| Time                      | 5.52e+03  |
| TimePerSeqRollout         | 3.47      |
| TimePerTrainIter          | 0.00544   |
| TotalTimeSteps            | 7.4e+05   |
| TrainAgChangeRatio        | 1         |
| TrainSuccess              | 0         |
-----------------------------------------
Epoch 33 eval | final dist 0.732 | success rate 0.000 | best success 0.000
ckpt_name: Dec-9-12-10-14
Epoch 33: Iter (out of 40)= 0 1 2 3 4 5 6 7 8 9 10 11 12 13 14 15 16 17 18 19 20 21 22 23 24 25 26 27 28 29 30 31 32 33 34 35 36 37 38 39
-----------------------------------------
| env_steps                 | 7.6e+05   |
| Epoch                     | 33        |
| exp_avg_reward            | 0.368     |
| exp_reward_avg            | 0.368     |
| hdm_gamma                 | 0.85      |
| hdm_gamma_auto            | 0.992     |
| hdm_gamma_zero_point      | 2.25e-20  |
| hdm_q_o1                  | -49.8     |
| hdm_q_o2                  | -49.8     |
| hdm_q_to_minimize         | -1.99e-05 |
| hdm_weights               | -3.91e-07 |
| Inner_Test_AgChangeRatio  | 1         |
| Inner_Train_AgChangeRatio | 1         |
| log_hdm_gamma             | -0.163    |
| Loss_hdm                  | 3.87e-10  |
| Loss_her                  | 0.000746  |
| Loss_q                    | 0.000746  |
| offset                    | 125       |
| opt_steps                 | 6.6e+05   |
| q_bg                      | -49.8     |
| q_o2_a2                   | -49.8     |
| q_o2_eps_greedy           | -49.8     |
| q_o2_max                  | -49.8     |
| q_o2_soft                 | -49.8     |
| q_o2_soft_kl              | -49.8     |
| q_o2_targ                 | -49.8     |
| q_targ                    | -49.8     |
| replay_fill_ratio         | 0.76      |
| replay_size               | 1.52e+03  |
| reward                    | -1        |
| TestAgChangeRatio         | 1         |
| TestBestSuccessRate       | 0         |
| TestFinalDist             | 0.732     |
| TestSuccessRate           | 0         |
| Time                      | 5.69e+03  |
| TimePerSeqRollout         | 3.48      |
| TimePerTrainIter          | 0.00546   |
| TotalTimeSteps            | 7.6e+05   |
| TrainAgChangeRatio        | 1         |
| TrainSuccess              | 0         |
-----------------------------------------
Epoch 34 eval | final dist 0.732 | success rate 0.000 | best success 0.000
ckpt_name: Dec-9-12-10-14
Epoch 34: Iter (out of 40)= 0 1 2 3 4 5 6 7 8 9 10 11 12 13 14 15 16 17 18 19 20 21 22 23 24 25 26 27 28 29 30 31 32 33 34 35 36 37 38 39
----------------------------------------
| env_steps                 | 7.8e+05  |
| Epoch                     | 34       |
| exp_avg_reward            | 0.368    |
| exp_reward_avg            | 0.368    |
| hdm_gamma                 | 0.85     |
| hdm_gamma_auto            | 0.992    |
| hdm_gamma_zero_point      | 2.21e-20 |
| hdm_q_o1                  | -49.9    |
| hdm_q_o2                  | -49.9    |
| hdm_q_to_minimize         | -2.3e-05 |
| hdm_weights               | 0        |
| Inner_Test_AgChangeRatio  | 1        |
| Inner_Train_AgChangeRatio | 1        |
| log_hdm_gamma             | -0.163   |
| Loss_hdm                  | 0        |
| Loss_her                  | 0.000727 |
| Loss_q                    | 0.000727 |
| offset                    | 125      |
| opt_steps                 | 6.8e+05  |
| q_bg                      | -49.9    |
| q_o2_a2                   | -49.9    |
| q_o2_eps_greedy           | -49.9    |
| q_o2_max                  | -49.9    |
| q_o2_soft                 | -49.9    |
| q_o2_soft_kl              | -49.9    |
| q_o2_targ                 | -49.9    |
| q_targ                    | -49.9    |
| replay_fill_ratio         | 0.78     |
| replay_size               | 1.56e+03 |
| reward                    | -1       |
| TestAgChangeRatio         | 1        |
| TestBestSuccessRate       | 0        |
| TestFinalDist             | 0.732    |
| TestSuccessRate           | 0        |
| Time                      | 5.86e+03 |
| TimePerSeqRollout         | 3.49     |
| TimePerTrainIter          | 0.00547  |
| TotalTimeSteps            | 7.8e+05  |
| TrainAgChangeRatio        | 1        |
| TrainSuccess              | 0        |
----------------------------------------
Epoch 35 eval | final dist 0.732 | success rate 0.000 | best success 0.000
ckpt_name: Dec-9-12-10-14
Epoch 35: Iter (out of 40)= 0 1 2 3 4 5 6 7 8 9 10 11 12 13 14 15 16 17 18 19 20 21 22 23 24 25 26 27 28 29 30 31 32 33 34 35 36 37 38 39
-----------------------------------------
| env_steps                 | 8e+05     |
| Epoch                     | 35        |
| exp_avg_reward            | 0.368     |
| exp_reward_avg            | 0.368     |
| hdm_gamma                 | 0.85      |
| hdm_gamma_auto            | 0.992     |
| hdm_gamma_zero_point      | 2.17e-20  |
| hdm_q_o1                  | -49.9     |
| hdm_q_o2                  | -49.9     |
| hdm_q_to_minimize         | -1.77e-05 |
| hdm_weights               | 0         |
| Inner_Test_AgChangeRatio  | 1         |
| Inner_Train_AgChangeRatio | 1         |
| log_hdm_gamma             | -0.163    |
| Loss_hdm                  | 0         |
| Loss_her                  | 0.000711  |
| Loss_q                    | 0.000711  |
| offset                    | 125       |
| opt_steps                 | 7e+05     |
| q_bg                      | -49.9     |
| q_o2_a2                   | -49.9     |
| q_o2_eps_greedy           | -49.9     |
| q_o2_max                  | -49.9     |
| q_o2_soft                 | -49.9     |
| q_o2_soft_kl              | -49.9     |
| q_o2_targ                 | -49.9     |
| q_targ                    | -49.9     |
| replay_fill_ratio         | 0.8       |
| replay_size               | 1.6e+03   |
| reward                    | -1        |
| TestAgChangeRatio         | 1         |
| TestBestSuccessRate       | 0         |
| TestFinalDist             | 0.732     |
| TestSuccessRate           | 0         |
| Time                      | 6.03e+03  |
| TimePerSeqRollout         | 3.47      |
| TimePerTrainIter          | 0.00545   |
| TotalTimeSteps            | 8e+05     |
| TrainAgChangeRatio        | 1         |
| TrainSuccess              | 0         |
-----------------------------------------
Epoch 36 eval | final dist 0.732 | success rate 0.000 | best success 0.000
ckpt_name: Dec-9-12-10-14
Epoch 36: Iter (out of 40)= 0 1 2 3 4 5 6 7 8 9 10 11 12 13 14 15 16 17 18 19 20 21 22 23 24 25 26 27 28 29 30 31 32 33 34 35 36 37 38 39
-----------------------------------------
| env_steps                 | 8.2e+05   |
| Epoch                     | 36        |
| exp_avg_reward            | 0.368     |
| exp_reward_avg            | 0.368     |
| hdm_gamma                 | 0.85      |
| hdm_gamma_auto            | 0.992     |
| hdm_gamma_zero_point      | 2.13e-20  |
| hdm_q_o1                  | -49.9     |
| hdm_q_o2                  | -49.9     |
| hdm_q_to_minimize         | -1.98e-05 |
| hdm_weights               | 0         |
| Inner_Test_AgChangeRatio  | 1         |
| Inner_Train_AgChangeRatio | 1         |
| log_hdm_gamma             | -0.163    |
| Loss_hdm                  | 0         |
| Loss_her                  | 0.000695  |
| Loss_q                    | 0.000695  |
| offset                    | 125       |
| opt_steps                 | 7.2e+05   |
| q_bg                      | -49.9     |
| q_o2_a2                   | -49.9     |
| q_o2_eps_greedy           | -49.9     |
| q_o2_max                  | -49.9     |
| q_o2_soft                 | -49.9     |
| q_o2_soft_kl              | -49.9     |
| q_o2_targ                 | -49.9     |
| q_targ                    | -49.9     |
| replay_fill_ratio         | 0.82      |
| replay_size               | 1.64e+03  |
| reward                    | -1        |
| TestAgChangeRatio         | 1         |
| TestBestSuccessRate       | 0         |
| TestFinalDist             | 0.732     |
| TestSuccessRate           | 0         |
| Time                      | 6.2e+03   |
| TimePerSeqRollout         | 3.48      |
| TimePerTrainIter          | 0.00545   |
| TotalTimeSteps            | 8.2e+05   |
| TrainAgChangeRatio        | 1         |
| TrainSuccess              | 0         |
-----------------------------------------
Epoch 37 eval | final dist 0.732 | success rate 0.000 | best success 0.000
ckpt_name: Dec-9-12-10-14
Epoch 37: Iter (out of 40)= 0 1 2 3 4 5 6 7 8 9 10 11 12 13 14 15 16 17 18 19 20 21 22 23 24 25 26 27 28 29 30 31 32 33 34 35 36 37 38 39
-----------------------------------------
| env_steps                 | 8.4e+05   |
| Epoch                     | 37        |
| exp_avg_reward            | 0.368     |
| exp_reward_avg            | 0.368     |
| hdm_gamma                 | 0.85      |
| hdm_gamma_auto            | 0.992     |
| hdm_gamma_zero_point      | 2.13e-20  |
| hdm_q_o1                  | -49.9     |
| hdm_q_o2                  | -49.9     |
| hdm_q_to_minimize         | -1.69e-05 |
| hdm_weights               | 0         |
| Inner_Test_AgChangeRatio  | 1         |
| Inner_Train_AgChangeRatio | 1         |
| log_hdm_gamma             | -0.163    |
| Loss_hdm                  | 0         |
| Loss_her                  | 0.000683  |
| Loss_q                    | 0.000683  |
| offset                    | 125       |
| opt_steps                 | 7.4e+05   |
| q_bg                      | -49.9     |
| q_o2_a2                   | -49.9     |
| q_o2_eps_greedy           | -49.9     |
| q_o2_max                  | -49.9     |
| q_o2_soft                 | -49.9     |
| q_o2_soft_kl              | -49.9     |
| q_o2_targ                 | -49.9     |
| q_targ                    | -49.9     |
| replay_fill_ratio         | 0.84      |
| replay_size               | 1.68e+03  |
| reward                    | -1        |
| TestAgChangeRatio         | 1         |
| TestBestSuccessRate       | 0         |
| TestFinalDist             | 0.732     |
| TestSuccessRate           | 0         |
| Time                      | 6.37e+03  |
| TimePerSeqRollout         | 3.45      |
| TimePerTrainIter          | 0.00542   |
| TotalTimeSteps            | 8.4e+05   |
| TrainAgChangeRatio        | 1         |
| TrainSuccess              | 0         |
-----------------------------------------
Epoch 38 eval | final dist 0.732 | success rate 0.000 | best success 0.000
ckpt_name: Dec-9-12-10-14
Epoch 38: Iter (out of 40)= 0 1 2 3 4 5 6 7 8 9 10 11 12 13 14 15 16 17 18 19 20 21 22 23 24 25 26 27 28 29 30 31 32 33 34 35 36 37 38 39
-----------------------------------------
| env_steps                 | 8.6e+05   |
| Epoch                     | 38        |
| exp_avg_reward            | 0.368     |
| exp_reward_avg            | 0.368     |
| hdm_gamma                 | 0.85      |
| hdm_gamma_auto            | 0.992     |
| hdm_gamma_zero_point      | 2.11e-20  |
| hdm_q_o1                  | -49.9     |
| hdm_q_o2                  | -49.9     |
| hdm_q_to_minimize         | -2.01e-05 |
| hdm_weights               | 0         |
| Inner_Test_AgChangeRatio  | 1         |
| Inner_Train_AgChangeRatio | 1         |
| log_hdm_gamma             | -0.163    |
| Loss_hdm                  | 0         |
| Loss_her                  | 0.000663  |
| Loss_q                    | 0.000663  |
| offset                    | 125       |
| opt_steps                 | 7.6e+05   |
| q_bg                      | -49.9     |
| q_o2_a2                   | -49.9     |
| q_o2_eps_greedy           | -49.9     |
| q_o2_max                  | -49.9     |
| q_o2_soft                 | -49.9     |
| q_o2_soft_kl              | -49.9     |
| q_o2_targ                 | -49.9     |
| q_targ                    | -49.9     |
| replay_fill_ratio         | 0.86      |
| replay_size               | 1.72e+03  |
| reward                    | -1        |
| TestAgChangeRatio         | 1         |
| TestBestSuccessRate       | 0         |
| TestFinalDist             | 0.732     |
| TestSuccessRate           | 0         |
| Time                      | 6.54e+03  |
| TimePerSeqRollout         | 3.47      |
| TimePerTrainIter          | 0.00545   |
| TotalTimeSteps            | 8.6e+05   |
| TrainAgChangeRatio        | 1         |
| TrainSuccess              | 0         |
-----------------------------------------
Epoch 39 eval | final dist 0.732 | success rate 0.000 | best success 0.000
ckpt_name: Dec-9-12-10-14
Epoch 39: Iter (out of 40)= 0 1 2 3 4 5 6 7 8 9 10 11 12 13 14 15 16 17 18 19 20 21 22 23 24 25 26 27 28 29 30 31 32 33 34 35 36 37 38 39
-----------------------------------------
| env_steps                 | 8.8e+05   |
| Epoch                     | 39        |
| exp_avg_reward            | 0.368     |
| exp_reward_avg            | 0.368     |
| hdm_gamma                 | 0.85      |
| hdm_gamma_auto            | 0.992     |
| hdm_gamma_zero_point      | 2.1e-20   |
| hdm_q_o1                  | -49.9     |
| hdm_q_o2                  | -49.9     |
| hdm_q_to_minimize         | -2.39e-05 |
| hdm_weights               | 0         |
| Inner_Test_AgChangeRatio  | 1         |
| Inner_Train_AgChangeRatio | 1         |
| log_hdm_gamma             | -0.163    |
| Loss_hdm                  | 0         |
| Loss_her                  | 0.000654  |
| Loss_q                    | 0.000654  |
| offset                    | 125       |
| opt_steps                 | 7.8e+05   |
| q_bg                      | -49.9     |
| q_o2_a2                   | -49.9     |
| q_o2_eps_greedy           | -49.9     |
| q_o2_max                  | -49.9     |
| q_o2_soft                 | -49.9     |
| q_o2_soft_kl              | -49.9     |
| q_o2_targ                 | -49.9     |
| q_targ                    | -49.9     |
| replay_fill_ratio         | 0.88      |
| replay_size               | 1.76e+03  |
| reward                    | -1        |
| TestAgChangeRatio         | 1         |
| TestBestSuccessRate       | 0         |
| TestFinalDist             | 0.732     |
| TestSuccessRate           | 0         |
| Time                      | 6.7e+03   |
| TimePerSeqRollout         | 3.45      |
| TimePerTrainIter          | 0.00541   |
| TotalTimeSteps            | 8.8e+05   |
| TrainAgChangeRatio        | 1         |
| TrainSuccess              | 0         |
-----------------------------------------
Epoch 40 eval | final dist 0.732 | success rate 0.000 | best success 0.000
ckpt_name: Dec-9-12-10-14
Epoch 40: Iter (out of 40)= 0 1 2 3 4 5 6 7 8 9 10 11 12 13 14 15 16 17 18 19 20 21 22 23 24 25 26 27 28 29 30 31 32 33 34 35 36 37 38 39
-----------------------------------------
| env_steps                 | 9e+05     |
| Epoch                     | 40        |
| exp_avg_reward            | 0.368     |
| exp_reward_avg            | 0.368     |
| hdm_gamma                 | 0.85      |
| hdm_gamma_auto            | 0.992     |
| hdm_gamma_zero_point      | 2.09e-20  |
| hdm_q_o1                  | -49.9     |
| hdm_q_o2                  | -49.9     |
| hdm_q_to_minimize         | -1.73e-05 |
| hdm_weights               | 0         |
| Inner_Test_AgChangeRatio  | 1         |
| Inner_Train_AgChangeRatio | 1         |
| log_hdm_gamma             | -0.163    |
| Loss_hdm                  | 0         |
| Loss_her                  | 0.000645  |
| Loss_q                    | 0.000645  |
| offset                    | 125       |
| opt_steps                 | 8e+05     |
| q_bg                      | -49.9     |
| q_o2_a2                   | -49.9     |
| q_o2_eps_greedy           | -49.9     |
| q_o2_max                  | -49.9     |
| q_o2_soft                 | -49.9     |
| q_o2_soft_kl              | -49.9     |
| q_o2_targ                 | -49.9     |
| q_targ                    | -49.9     |
| replay_fill_ratio         | 0.9       |
| replay_size               | 1.8e+03   |
| reward                    | -1        |
| TestAgChangeRatio         | 1         |
| TestBestSuccessRate       | 0         |
| TestFinalDist             | 0.732     |
| TestSuccessRate           | 0         |
| Time                      | 6.87e+03  |
| TimePerSeqRollout         | 3.45      |
| TimePerTrainIter          | 0.0054    |
| TotalTimeSteps            | 9e+05     |
| TrainAgChangeRatio        | 1         |
| TrainSuccess              | 0         |
-----------------------------------------
Epoch 41 eval | final dist 0.732 | success rate 0.000 | best success 0.000
ckpt_name: Dec-9-12-10-14
Epoch 41: Iter (out of 40)= 0 1 2 3 4 5 6 7 8 9 10 11 12 13 14 15 16 17 18 19 20 21 22 23 24 25 26 27 28 29 30 31 32 33 34 35 36 37 38 39
-----------------------------------------
| env_steps                 | 9.2e+05   |
| Epoch                     | 41        |
| exp_avg_reward            | 0.368     |
| exp_reward_avg            | 0.368     |
| hdm_gamma                 | 0.85      |
| hdm_gamma_auto            | 0.992     |
| hdm_gamma_zero_point      | 2.06e-20  |
| hdm_q_o1                  | -49.9     |
| hdm_q_o2                  | -49.9     |
| hdm_q_to_minimize         | -1.44e-05 |
| hdm_weights               | 0         |
| Inner_Test_AgChangeRatio  | 1         |
| Inner_Train_AgChangeRatio | 1         |
| log_hdm_gamma             | -0.163    |
| Loss_hdm                  | 0         |
| Loss_her                  | 0.000636  |
| Loss_q                    | 0.000636  |
| offset                    | 125       |
| opt_steps                 | 8.2e+05   |
| q_bg                      | -49.9     |
| q_o2_a2                   | -49.9     |
| q_o2_eps_greedy           | -49.9     |
| q_o2_max                  | -49.9     |
| q_o2_soft                 | -49.9     |
| q_o2_soft_kl              | -49.9     |
| q_o2_targ                 | -49.9     |
| q_targ                    | -49.9     |
| replay_fill_ratio         | 0.92      |
| replay_size               | 1.84e+03  |
| reward                    | -1        |
| TestAgChangeRatio         | 1         |
| TestBestSuccessRate       | 0         |
| TestFinalDist             | 0.732     |
| TestSuccessRate           | 0         |
| Time                      | 7.04e+03  |
| TimePerSeqRollout         | 3.45      |
| TimePerTrainIter          | 0.00541   |
| TotalTimeSteps            | 9.2e+05   |
| TrainAgChangeRatio        | 1         |
| TrainSuccess              | 0         |
-----------------------------------------
Epoch 42 eval | final dist 0.730 | success rate 0.000 | best success 0.000
ckpt_name: Dec-9-12-10-14
Epoch 42: Iter (out of 40)= 0 1 2 3 4 5 6 7 8 9 10 11 12 13 14 15 16 17 18 19 20 21 22 23 24 25 26 27 28 29 30 31 32 33 34 35 36 37 38 39
-----------------------------------------
| env_steps                 | 9.4e+05   |
| Epoch                     | 42        |
| exp_avg_reward            | 0.368     |
| exp_reward_avg            | 0.368     |
| hdm_gamma                 | 0.85      |
| hdm_gamma_auto            | 0.992     |
| hdm_gamma_zero_point      | 2.04e-20  |
| hdm_q_o1                  | -49.9     |
| hdm_q_o2                  | -49.9     |
| hdm_q_to_minimize         | -1.87e-05 |
| hdm_weights               | 0         |
| Inner_Test_AgChangeRatio  | 1         |
| Inner_Train_AgChangeRatio | 1         |
| log_hdm_gamma             | -0.163    |
| Loss_hdm                  | 0         |
| Loss_her                  | 0.000624  |
| Loss_q                    | 0.000624  |
| offset                    | 125       |
| opt_steps                 | 8.4e+05   |
| q_bg                      | -49.9     |
| q_o2_a2                   | -49.9     |
| q_o2_eps_greedy           | -49.9     |
| q_o2_max                  | -49.9     |
| q_o2_soft                 | -49.9     |
| q_o2_soft_kl              | -49.9     |
| q_o2_targ                 | -49.9     |
| q_targ                    | -49.9     |
| replay_fill_ratio         | 0.94      |
| replay_size               | 1.88e+03  |
| reward                    | -1        |
| TestAgChangeRatio         | 1         |
| TestBestSuccessRate       | 0         |
| TestFinalDist             | 0.73      |
| TestSuccessRate           | 0         |
| Time                      | 7.21e+03  |
| TimePerSeqRollout         | 3.47      |
| TimePerTrainIter          | 0.00545   |
| TotalTimeSteps            | 9.4e+05   |
| TrainAgChangeRatio        | 1         |
| TrainSuccess              | 0         |
-----------------------------------------
Epoch 43 eval | final dist 0.732 | success rate 0.000 | best success 0.000
ckpt_name: Dec-9-12-10-14
Epoch 43: Iter (out of 40)= 0 1 2 3 4 5 6 7 8 9 10 11 12 13 14 15 16 17 18 19 20 21 22 23 24 25 26 27 28 29 30 31 32 33 34 35 36 37 38 39
-----------------------------------------
| env_steps                 | 9.6e+05   |
| Epoch                     | 43        |
| exp_avg_reward            | 0.368     |
| exp_reward_avg            | 0.368     |
| hdm_gamma                 | 0.85      |
| hdm_gamma_auto            | 0.992     |
| hdm_gamma_zero_point      | 2.04e-20  |
| hdm_q_o1                  | -49.9     |
| hdm_q_o2                  | -49.9     |
| hdm_q_to_minimize         | -1.82e-05 |
| hdm_weights               | -1.95e-07 |
| Inner_Test_AgChangeRatio  | 1         |
| Inner_Train_AgChangeRatio | 1         |
| log_hdm_gamma             | -0.163    |
| Loss_hdm                  | 7.22e-09  |
| Loss_her                  | 0.000616  |
| Loss_q                    | 0.000616  |
| offset                    | 125       |
| opt_steps                 | 8.6e+05   |
| q_bg                      | -49.9     |
| q_o2_a2                   | -49.9     |
| q_o2_eps_greedy           | -49.9     |
| q_o2_max                  | -49.9     |
| q_o2_soft                 | -49.9     |
| q_o2_soft_kl              | -49.9     |
| q_o2_targ                 | -49.9     |
| q_targ                    | -49.9     |
| replay_fill_ratio         | 0.96      |
| replay_size               | 1.92e+03  |
| reward                    | -1        |
| TestAgChangeRatio         | 1         |
| TestBestSuccessRate       | 0         |
| TestFinalDist             | 0.732     |
| TestSuccessRate           | 0         |
| Time                      | 7.38e+03  |
| TimePerSeqRollout         | 3.47      |
| TimePerTrainIter          | 0.00543   |
| TotalTimeSteps            | 9.6e+05   |
| TrainAgChangeRatio        | 1         |
| TrainSuccess              | 0         |
-----------------------------------------
Epoch 44 eval | final dist 0.732 | success rate 0.000 | best success 0.000
ckpt_name: Dec-9-12-10-14
Epoch 44: Iter (out of 40)= 0 1 2 3 4 5 6 7 8 9 10 11 12 13 14 15 16 17 18 19 20 21 22 23 24 25 26 27 28 29 30 31 32 33 34 35 36 37 38 39
-----------------------------------------
| env_steps                 | 9.8e+05   |
| Epoch                     | 44        |
| exp_avg_reward            | 0.368     |
| exp_reward_avg            | 0.368     |
| hdm_gamma                 | 0.85      |
| hdm_gamma_auto            | 0.992     |
| hdm_gamma_zero_point      | 2.05e-20  |
| hdm_q_o1                  | -49.9     |
| hdm_q_o2                  | -49.9     |
| hdm_q_to_minimize         | -1.52e-05 |
| hdm_weights               | 0         |
| Inner_Test_AgChangeRatio  | 1         |
| Inner_Train_AgChangeRatio | 1         |
| log_hdm_gamma             | -0.163    |
| Loss_hdm                  | 0         |
| Loss_her                  | 0.000605  |
| Loss_q                    | 0.000605  |
| offset                    | 125       |
| opt_steps                 | 8.8e+05   |
| q_bg                      | -49.9     |
| q_o2_a2                   | -49.9     |
| q_o2_eps_greedy           | -49.9     |
| q_o2_max                  | -49.9     |
| q_o2_soft                 | -49.9     |
| q_o2_soft_kl              | -49.9     |
| q_o2_targ                 | -49.9     |
| q_targ                    | -49.9     |
| replay_fill_ratio         | 0.98      |
| replay_size               | 1.96e+03  |
| reward                    | -1        |
| TestAgChangeRatio         | 1         |
| TestBestSuccessRate       | 0         |
| TestFinalDist             | 0.732     |
| TestSuccessRate           | 0         |
| Time                      | 7.54e+03  |
| TimePerSeqRollout         | 3.44      |
| TimePerTrainIter          | 0.0054    |
| TotalTimeSteps            | 9.8e+05   |
| TrainAgChangeRatio        | 1         |
| TrainSuccess              | 0         |
-----------------------------------------
Epoch 45 eval | final dist 0.730 | success rate 0.000 | best success 0.000
ckpt_name: Dec-9-12-10-14
Epoch 45: Iter (out of 40)= 0 1 2 3 4 5 6 7 8 9 10 11 12 13 14 15 16 17 18 19 20 21 22 23 24 25 26 27 28 29 30 31 32 33 34 35 36 37 38 39
-----------------------------------------
| env_steps                 | 1e+06     |
| Epoch                     | 45        |
| exp_avg_reward            | 0.368     |
| exp_reward_avg            | 0.368     |
| hdm_gamma                 | 0.85      |
| hdm_gamma_auto            | 0.992     |
| hdm_gamma_zero_point      | 2.04e-20  |
| hdm_q_o1                  | -49.9     |
| hdm_q_o2                  | -49.9     |
| hdm_q_to_minimize         | -1.6e-05  |
| hdm_weights               | -1.95e-07 |
| Inner_Test_AgChangeRatio  | 1         |
| Inner_Train_AgChangeRatio | 1         |
| log_hdm_gamma             | -0.163    |
| Loss_hdm                  | -4.32e-10 |
| Loss_her                  | 0.000597  |
| Loss_q                    | 0.000597  |
| offset                    | 125       |
| opt_steps                 | 9e+05     |
| q_bg                      | -49.9     |
| q_o2_a2                   | -49.9     |
| q_o2_eps_greedy           | -49.9     |
| q_o2_max                  | -49.9     |
| q_o2_soft                 | -49.9     |
| q_o2_soft_kl              | -49.9     |
| q_o2_targ                 | -49.9     |
| q_targ                    | -49.9     |
| replay_fill_ratio         | 1         |
| replay_size               | 2e+03     |
| reward                    | -1        |
| TestAgChangeRatio         | 1         |
| TestBestSuccessRate       | 0         |
| TestFinalDist             | 0.73      |
| TestSuccessRate           | 0         |
| Time                      | 7.71e+03  |
| TimePerSeqRollout         | 3.45      |
| TimePerTrainIter          | 0.0054    |
| TotalTimeSteps            | 1e+06     |
| TrainAgChangeRatio        | 1         |
| TrainSuccess              | 0         |
-----------------------------------------
============================================
Job completed at: Tue Dec  9 14:18:58 CST 2025
============================================
